<?xml version="1.0" encoding="UTF-8"?>
<!-- Generated by org.testng.reporters.JUnitXMLReporter -->
<testsuite hostname="LAPTOP-C3E1HSB0" ignored="0" name="Default test" tests="3" failures="0" timestamp="28 Jun 2022 06:29:52 GMT" time="17.403" errors="0">
  <testcase name="FirstScreenCase" time="0.74" classname="com.tests.RegressionTests"/>
  <testcase name="SecondScreenCase" time="1.839" classname="com.tests.RegressionTests"/>
  <testcase name="ThirdScreenCase" time="2.788" classname="com.tests.RegressionTests"/>
</testsuite> <!-- Default test -->
