<?xml version="1.0" encoding="UTF-8"?>
<testng-results skipped="0" failed="0" ignored="0" total="1" passed="1">
  <reporter-output>
  </reporter-output>
  <suite name="Default suite" duration-ms="4546" started-at="2022-07-31T15:13:10Z" finished-at="2022-07-31T15:13:14Z">
    <groups>
    </groups>
    <test name="Default test" duration-ms="4546" started-at="2022-07-31T15:13:10Z" finished-at="2022-07-31T15:13:14Z">
      <class name="cbt.CoreJava">
        <test-method status="PASS" signature="m1()[pri:0, instance:cbt.CoreJava@353d0772]" name="m1" duration-ms="4512" started-at="2022-07-31T15:13:10Z" finished-at="2022-07-31T15:13:14Z">
          <reporter-output>
          </reporter-output>
        </test-method> <!-- m1 -->
      </class> <!-- cbt.CoreJava -->
    </test> <!-- Default test -->
  </suite> <!-- Default suite -->
</testng-results>
